<?xml version="1.0" encoding="UTF-8"?>
<!-- Generated by org.testng.reporters.JUnitReportReporter -->
<testsuite hostname="DESKTOP-7MH2VJP" failures="0" tests="1" name="com.waptech.testcases.TC_01_Login" time="11.620" errors="0" timestamp="25 Dec 2020 19:02:52 GMT" skipped="0">
  <testcase classname="com.waptech.testcases.TC_01_Login" name="login" time="11.620"/>
</testsuite> <!-- com.waptech.testcases.TC_01_Login -->
