<?xml version="1.0" encoding="UTF-8"?>
<!-- Generated by org.testng.reporters.JUnitReportReporter -->
<testsuite hostname="DESKTOP-7MH2VJP" failures="0" tests="2" name="com.waptech.testcases.TC_01_Login" time="22.314" errors="0" timestamp="24 Dec 2020 08:21:49 GMT" skipped="0">
  <testcase classname="com.waptech.testcases.TC_01_Login" name="login" time="11.082"/>
  <testcase classname="com.waptech.testcases.TC_01_Login" name="login2" time="11.232"/>
</testsuite> <!-- com.waptech.testcases.TC_01_Login -->
